{
  "stats": {
    "suites": 1,
    "tests": 16,
    "passes": 16,
    "pending": 0,
    "failures": 0,
    "start": "2022-08-30T13:56:43.860Z",
    "end": "2022-08-30T13:56:59.036Z",
    "duration": 15176,
    "testsRegistered": 16,
    "passPercent": 100,
    "pendingPercent": 0,
    "other": 0,
    "hasOther": false,
    "skipped": 0,
    "hasSkipped": false
  },
  "results": [
    {
      "uuid": "f6266481-b6e4-4db5-8b14-6256dab7fa40",
      "title": "",
      "fullFile": "cypress/integration/webdriver-uni/traversing-elements.js",
      "file": "cypress/integration/webdriver-uni/traversing-elements.js",
      "beforeHooks": [],
      "afterHooks": [],
      "tests": [],
      "suites": [
        {
          "uuid": "3d00cc7d-9898-4d72-b572-afaa06564bf3",
          "title": "Traversing DOM elements in Cypress",
          "fullFile": "",
          "file": "",
          "beforeHooks": [],
          "afterHooks": [],
          "tests": [
            {
              "title": "children() to get the children of DOM elements",
              "fullTitle": "Traversing DOM elements in Cypress children() to get the children of DOM elements",
              "timedOut": null,
              "duration": 3109,
              "state": "passed",
              "speed": "fast",
              "pass": true,
              "fail": false,
              "pending": false,
              "context": null,
              "code": "cy.get('.traversal-breadcrumb').children('.active').should('contain', 'Contact Us');",
              "err": {},
              "uuid": "79929570-40e7-4ea8-8b62-ec135531aced",
              "parentUUID": "3d00cc7d-9898-4d72-b572-afaa06564bf3",
              "isHook": false,
              "skipped": false
            },
            {
              "title": "closest() to validate the closest ancestor DOM element",
              "fullTitle": "Traversing DOM elements in Cypress closest() to validate the closest ancestor DOM element",
              "timedOut": null,
              "duration": 728,
              "state": "passed",
              "speed": "fast",
              "pass": true,
              "fail": false,
              "pending": false,
              "context": null,
              "code": "cy.get('.traversal-badge').closest('ul').should('have.class', 'list-group'); // in assertion of class, no need to include period(.) in class name",
              "err": {},
              "uuid": "30a2df48-a77f-44cc-acd0-b39b6821ce68",
              "parentUUID": "3d00cc7d-9898-4d72-b572-afaa06564bf3",
              "isHook": false,
              "skipped": false
            },
            {
              "title": "eq() to retrieve a specific element based on index",
              "fullTitle": "Traversing DOM elements in Cypress eq() to retrieve a specific element based on index",
              "timedOut": null,
              "duration": 723,
              "state": "passed",
              "speed": "fast",
              "pass": true,
              "fail": false,
              "pending": false,
              "context": null,
              "code": "cy.get('.traversal-drinks-list > *').eq(2).should('contain', 'Milk');",
              "err": {},
              "uuid": "203aa498-9c4a-47e3-9936-ec19bcbb4cde",
              "parentUUID": "3d00cc7d-9898-4d72-b572-afaa06564bf3",
              "isHook": false,
              "skipped": false
            },
            {
              "title": "filter() to retrieve DOM elements that match a specific selector",
              "fullTitle": "Traversing DOM elements in Cypress filter() to retrieve DOM elements that match a specific selector",
              "timedOut": null,
              "duration": 709,
              "state": "passed",
              "speed": "fast",
              "pass": true,
              "fail": false,
              "pending": false,
              "context": null,
              "code": "cy.get('.btn-group-toggle > *').filter('.active').should('contain', 'Button-1');",
              "err": {},
              "uuid": "a568d44f-1161-4c19-bdaa-96fb50ddf244",
              "parentUUID": "3d00cc7d-9898-4d72-b572-afaa06564bf3",
              "isHook": false,
              "skipped": false
            },
            {
              "title": "find() to retrieve DOM elements of a given selector",
              "fullTitle": "Traversing DOM elements in Cypress find() to retrieve DOM elements of a given selector",
              "timedOut": null,
              "duration": 736,
              "state": "passed",
              "speed": "fast",
              "pass": true,
              "fail": false,
              "pending": false,
              "context": null,
              "code": "cy.get('.traversal-pagination').find('li').find('a').should('have.length', 7);",
              "err": {},
              "uuid": "6c4e7cd3-c281-4738-a71c-e16a5b35d100",
              "parentUUID": "3d00cc7d-9898-4d72-b572-afaa06564bf3",
              "isHook": false,
              "skipped": false
            },
            {
              "title": "first() to retrieve the first DOM element within elements ",
              "fullTitle": "Traversing DOM elements in Cypress first() to retrieve the first DOM element within elements ",
              "timedOut": null,
              "duration": 683,
              "state": "passed",
              "speed": "fast",
              "pass": true,
              "fail": false,
              "pending": false,
              "context": null,
              "code": "cy.get('.traversal-table > tbody > tr > td').first().should('contain', 'Andy');",
              "err": {},
              "uuid": "0ae140e2-b61a-4310-9dbc-7a147b45e5c9",
              "parentUUID": "3d00cc7d-9898-4d72-b572-afaa06564bf3",
              "isHook": false,
              "skipped": false
            },
            {
              "title": "last() to retrieve the last DOM element within elements",
              "fullTitle": "Traversing DOM elements in Cypress last() to retrieve the last DOM element within elements",
              "timedOut": null,
              "duration": 697,
              "state": "passed",
              "speed": "fast",
              "pass": true,
              "fail": false,
              "pending": false,
              "context": null,
              "code": "cy.get('.traversal-table > tbody > tr > td').last().should('contain', 'Scott');",
              "err": {},
              "uuid": "1ffcbb49-b2e7-4353-9cd4-8e51e6726532",
              "parentUUID": "3d00cc7d-9898-4d72-b572-afaa06564bf3",
              "isHook": false,
              "skipped": false
            },
            {
              "title": "nextAll() to get all of the next sibling DOM elements within elements",
              "fullTitle": "Traversing DOM elements in Cypress nextAll() to get all of the next sibling DOM elements within elements",
              "timedOut": null,
              "duration": 683,
              "state": "passed",
              "speed": "fast",
              "pass": true,
              "fail": false,
              "pending": false,
              "context": null,
              "code": "cy.get('.traversal-drinks-list').contains('Tea').nextAll().should('have.length', 3);",
              "err": {},
              "uuid": "3929f675-9cec-48cc-a43d-b016f2ea1cdd",
              "parentUUID": "3d00cc7d-9898-4d72-b572-afaa06564bf3",
              "isHook": false,
              "skipped": false
            },
            {
              "title": "nextUntil() to get all of the next sibling DOM elements within elements until another element",
              "fullTitle": "Traversing DOM elements in Cypress nextUntil() to get all of the next sibling DOM elements within elements until another element",
              "timedOut": null,
              "duration": 688,
              "state": "passed",
              "speed": "fast",
              "pass": true,
              "fail": false,
              "pending": false,
              "context": null,
              "code": "cy.get('.traversal-drinks-list').contains('Coffee').nextUntil('#sugar').should('have.length', 3); //index 3",
              "err": {},
              "uuid": "17cdc207-de2f-4c8f-8b0c-2fe8dfe22efd",
              "parentUUID": "3d00cc7d-9898-4d72-b572-afaa06564bf3",
              "isHook": false,
              "skipped": false
            },
            {
              "title": "not() to remove DOM element(s) from the set of elements",
              "fullTitle": "Traversing DOM elements in Cypress not() to remove DOM element(s) from the set of elements",
              "timedOut": null,
              "duration": 724,
              "state": "passed",
              "speed": "fast",
              "pass": true,
              "fail": false,
              "pending": false,
              "context": null,
              "code": "cy.get('.traversal-button-states > button').not('.disabled').should('not.have.class', 'disabled');",
              "err": {},
              "uuid": "fc703a25-d651-4986-a4b2-98d4e5eefaf1",
              "parentUUID": "3d00cc7d-9898-4d72-b572-afaa06564bf3",
              "isHook": false,
              "skipped": false
            },
            {
              "title": "parent() To get parent DOM element of elements",
              "fullTitle": "Traversing DOM elements in Cypress parent() To get parent DOM element of elements",
              "timedOut": null,
              "duration": 773,
              "state": "passed",
              "speed": "fast",
              "pass": true,
              "fail": false,
              "pending": false,
              "context": null,
              "code": "cy.get('.traversal-mark').parent().should('contain', 'Lorem ipsum dolor sit amet');",
              "err": {},
              "uuid": "a662e390-239f-4810-b3be-8479185e93de",
              "parentUUID": "3d00cc7d-9898-4d72-b572-afaa06564bf3",
              "isHook": false,
              "skipped": false
            },
            {
              "title": "parents() to get parents DOM element of elements",
              "fullTitle": "Traversing DOM elements in Cypress parents() to get parents DOM element of elements",
              "timedOut": null,
              "duration": 698,
              "state": "passed",
              "speed": "fast",
              "pass": true,
              "fail": false,
              "pending": false,
              "context": null,
              "code": "cy.get('.traversal-cite').parents().should('match', 'blockquote');",
              "err": {},
              "uuid": "043c9af9-ca59-47ce-a96f-31ae35d70671",
              "parentUUID": "3d00cc7d-9898-4d72-b572-afaa06564bf3",
              "isHook": false,
              "skipped": false
            },
            {
              "title": "prev() to get the previous sibling DOM element within elements",
              "fullTitle": "Traversing DOM elements in Cypress prev() to get the previous sibling DOM element within elements",
              "timedOut": null,
              "duration": 743,
              "state": "passed",
              "speed": "fast",
              "pass": true,
              "fail": false,
              "pending": false,
              "context": null,
              "code": "cy.get('#sugar').prev().contains('Espresso');",
              "err": {},
              "uuid": "6e69f8ca-1aea-402a-b806-232fe4fbe694",
              "parentUUID": "3d00cc7d-9898-4d72-b572-afaa06564bf3",
              "isHook": false,
              "skipped": false
            },
            {
              "title": "prevAll() to get all previous sibling DOM elements within elements",
              "fullTitle": "Traversing DOM elements in Cypress prevAll() to get all previous sibling DOM elements within elements",
              "timedOut": null,
              "duration": 752,
              "state": "passed",
              "speed": "fast",
              "pass": true,
              "fail": false,
              "pending": false,
              "context": null,
              "code": "cy.get('.sales').prevAll().should('have.length', 2);",
              "err": {},
              "uuid": "0397b972-6875-4084-81d3-d8608ed5edf5",
              "parentUUID": "3d00cc7d-9898-4d72-b572-afaa06564bf3",
              "isHook": false,
              "skipped": false
            },
            {
              "title": "prevUntil() to get all previous sibling DOM elements within elements until other element",
              "fullTitle": "Traversing DOM elements in Cypress prevUntil() to get all previous sibling DOM elements within elements until other element",
              "timedOut": null,
              "duration": 799,
              "state": "passed",
              "speed": "fast",
              "pass": true,
              "fail": false,
              "pending": false,
              "context": null,
              "code": "cy.get('#veggie').prevUntil('#fruits').should('have.length', 5);",
              "err": {},
              "uuid": "8a0ee9d5-00d6-4dac-9d66-9952feaaaa27",
              "parentUUID": "3d00cc7d-9898-4d72-b572-afaa06564bf3",
              "isHook": false,
              "skipped": false
            },
            {
              "title": "siblings() To get all sibling DOM elements of elements",
              "fullTitle": "Traversing DOM elements in Cypress siblings() To get all sibling DOM elements of elements",
              "timedOut": null,
              "duration": 1671,
              "state": "passed",
              "speed": "fast",
              "pass": true,
              "fail": false,
              "pending": false,
              "context": null,
              "code": "cy.get('.traversal-button-other-states .active').siblings().should('have.length', 3);",
              "err": {},
              "uuid": "68d8a996-bec5-4ed1-8c49-3589e146fd28",
              "parentUUID": "3d00cc7d-9898-4d72-b572-afaa06564bf3",
              "isHook": false,
              "skipped": false
            }
          ],
          "suites": [],
          "passes": [
            "79929570-40e7-4ea8-8b62-ec135531aced",
            "30a2df48-a77f-44cc-acd0-b39b6821ce68",
            "203aa498-9c4a-47e3-9936-ec19bcbb4cde",
            "a568d44f-1161-4c19-bdaa-96fb50ddf244",
            "6c4e7cd3-c281-4738-a71c-e16a5b35d100",
            "0ae140e2-b61a-4310-9dbc-7a147b45e5c9",
            "1ffcbb49-b2e7-4353-9cd4-8e51e6726532",
            "3929f675-9cec-48cc-a43d-b016f2ea1cdd",
            "17cdc207-de2f-4c8f-8b0c-2fe8dfe22efd",
            "fc703a25-d651-4986-a4b2-98d4e5eefaf1",
            "a662e390-239f-4810-b3be-8479185e93de",
            "043c9af9-ca59-47ce-a96f-31ae35d70671",
            "6e69f8ca-1aea-402a-b806-232fe4fbe694",
            "0397b972-6875-4084-81d3-d8608ed5edf5",
            "8a0ee9d5-00d6-4dac-9d66-9952feaaaa27",
            "68d8a996-bec5-4ed1-8c49-3589e146fd28"
          ],
          "failures": [],
          "pending": [],
          "skipped": [],
          "duration": 14916,
          "root": false,
          "rootEmpty": false,
          "_timeout": 2000
        }
      ],
      "passes": [],
      "failures": [],
      "pending": [],
      "skipped": [],
      "duration": 0,
      "root": true,
      "rootEmpty": true,
      "_timeout": 2000
    }
  ],
  "meta": {
    "mocha": {
      "version": "7.0.1"
    },
    "mochawesome": {
      "options": {
        "quiet": false,
        "reportFilename": "mochawesome",
        "saveHtml": false,
        "saveJson": true,
        "consoleReporter": "spec",
        "useInlineDiffs": false,
        "code": true
      },
      "version": "7.1.3"
    },
    "marge": {
      "options": {
        "id": "default",
        "reportDir": "cypress/results/mochawesome",
        "quite": true,
        "overwrite": false,
        "html": false,
        "json": true
      },
      "version": "6.2.0"
    }
  }
}