{
  "stats": {
    "suites": 1,
    "tests": 3,
    "passes": 3,
    "pending": 0,
    "failures": 0,
    "start": "2022-08-31T13:42:44.161Z",
    "end": "2022-08-31T13:42:59.465Z",
    "duration": 15304,
    "testsRegistered": 3,
    "passPercent": 100,
    "pendingPercent": 0,
    "other": 0,
    "hasOther": false,
    "skipped": 0,
    "hasSkipped": false
  },
  "results": [
    {
      "uuid": "17d766d4-37a8-4e83-b3c3-8fdb56098504",
      "title": "",
      "fullFile": "cypress/integration/automation-test-store/variables-and-cy-commands.js",
      "file": "cypress/integration/automation-test-store/variables-and-cy-commands.js",
      "beforeHooks": [],
      "afterHooks": [],
      "tests": [],
      "suites": [
        {
          "uuid": "522c27c2-6278-42b6-acd9-b30d91c670f9",
          "title": "Verifying variables, cypress commands and jquery commands",
          "fullFile": "",
          "file": "",
          "beforeHooks": [],
          "afterHooks": [],
          "tests": [
            {
              "title": "Navigating to specific product pages",
              "fullTitle": "Verifying variables, cypress commands and jquery commands Navigating to specific product pages",
              "timedOut": null,
              "duration": 8335,
              "state": "passed",
              "speed": "medium",
              "pass": true,
              "fail": false,
              "pending": false,
              "context": null,
              "code": "autostore_Homepage_PO.accessHomepage(); //cy.visit(constants.automationTestStore_Url);\n//The following will fail\n// const makeupLink = cy.get(\"a[href*='product/category&path=']\").contains(\"Makeup\")\n// const skincareLink = cy.get(\"a[href*='product/category&path=']\").contains(\"Skincare\")\n// makeupLink.click();\n// skincareLink.click();\n//The following will pass\n// const makeupLink = cy.get(\"a[href*='product/category&path=']\").contains(\"Makeup\")\n// makeupLink.click();\n// const skincareLink = cy.get(\"a[href*='product/category&path=']\").contains(\"Skincare\")\n// skincareLink.click();\n//Recommended Approach\ncy.get(\"a[href*='product/category&path=']\").contains('Skincare').click();\ncy.get(\"a[href*='product/category&path=']\").contains('Makeup').click();",
              "err": {},
              "uuid": "188dbeb4-fd3a-4bfc-8cd2-822710abbcf7",
              "parentUUID": "522c27c2-6278-42b6-acd9-b30d91c670f9",
              "isHook": false,
              "skipped": false
            },
            {
              "title": "Navigating to specific product pages",
              "fullTitle": "Verifying variables, cypress commands and jquery commands Navigating to specific product pages",
              "timedOut": null,
              "duration": 1790,
              "state": "passed",
              "speed": "fast",
              "pass": true,
              "fail": false,
              "pending": false,
              "context": null,
              "code": "autostore_Homepage_PO.accessHomepage(); // cy.visit(constants.automationTestStore_Url);\ncy.get(\"a[href*='product/category&path=']\").contains('Makeup').click(); //Following code will fail\n// const header = cy.get(\"h1 .maintext\")\n// cy/log(header.text())\n//JQuery Approach\ncy.get('h1 .maintext').then($headerText => {\n  const headerText = $headerText.text();\n  cy.log('Found header text: ' + headerText);\n  expect(headerText).is.eq('Makeup');\n});",
              "err": {},
              "uuid": "5604f379-974b-497f-b99f-3dd8bcdfdbb5",
              "parentUUID": "522c27c2-6278-42b6-acd9-b30d91c670f9",
              "isHook": false,
              "skipped": false
            },
            {
              "title": "Validate properties of Contact Us Page",
              "fullTitle": "Verifying variables, cypress commands and jquery commands Validate properties of Contact Us Page",
              "timedOut": null,
              "duration": 1525,
              "state": "passed",
              "speed": "fast",
              "pass": true,
              "fail": false,
              "pending": false,
              "context": null,
              "code": "autostore_Homepage_PO.clickOn_Contact_Us_Page(); //cy.visit('https://automationteststore.com/index.php?rt=content/contact/');\n//Cypress approach\ncy.contains('#ContactUsFrm', 'Contact Us Form').find('#field_11').should('contain', 'First name'); //JQuery Approach\ncy.contains('#ContactUsFrm', 'Contact Us Form').then(text => {\n  const firstNameText = text.find('#field_11').text();\n  expect(firstNameText).is.contain('First name'); //Embedded Commands (Closure)\n  cy.get('#field_11').then(fnText => {\n    cy.log(fnText.text());\n    cy.log(fnText);\n  });\n});",
              "err": {},
              "uuid": "64279162-7470-49aa-86ee-936a6f834fef",
              "parentUUID": "522c27c2-6278-42b6-acd9-b30d91c670f9",
              "isHook": false,
              "skipped": false
            }
          ],
          "suites": [],
          "passes": [
            "188dbeb4-fd3a-4bfc-8cd2-822710abbcf7",
            "5604f379-974b-497f-b99f-3dd8bcdfdbb5",
            "64279162-7470-49aa-86ee-936a6f834fef"
          ],
          "failures": [],
          "pending": [],
          "skipped": [],
          "duration": 11650,
          "root": false,
          "rootEmpty": false,
          "_timeout": 2000
        }
      ],
      "passes": [],
      "failures": [],
      "pending": [],
      "skipped": [],
      "duration": 0,
      "root": true,
      "rootEmpty": true,
      "_timeout": 2000
    }
  ],
  "meta": {
    "mocha": {
      "version": "7.0.1"
    },
    "mochawesome": {
      "options": {
        "quiet": false,
        "reportFilename": "mochawesome",
        "saveHtml": false,
        "saveJson": true,
        "consoleReporter": "spec",
        "useInlineDiffs": false,
        "code": true
      },
      "version": "7.1.3"
    },
    "marge": {
      "options": {
        "id": "default",
        "reportDir": "cypress/results/mochawesome",
        "quite": true,
        "overwrite": false,
        "html": false,
        "json": true
      },
      "version": "6.2.0"
    }
  }
}