{
  "stats": {
    "suites": 1,
    "tests": 3,
    "passes": 3,
    "pending": 0,
    "failures": 0,
    "start": "2022-08-30T13:52:32.588Z",
    "end": "2022-08-30T13:52:56.767Z",
    "duration": 24179,
    "testsRegistered": 3,
    "passPercent": 100,
    "pendingPercent": 0,
    "other": 0,
    "hasOther": false,
    "skipped": 0,
    "hasSkipped": false
  },
  "results": [
    {
      "uuid": "b51a0645-89f9-407f-9958-78c9e9296706",
      "title": "",
      "fullFile": "cypress/integration/automation-test-store/inspect-item.js",
      "file": "cypress/integration/automation-test-store/inspect-item.js",
      "beforeHooks": [],
      "afterHooks": [],
      "tests": [],
      "suites": [
        {
          "uuid": "dc88ad7a-ae6c-46af-983f-53ce4b68fab4",
          "title": "Inspect Automation Test Store items using chain of commands",
          "fullFile": "",
          "file": "",
          "beforeHooks": [],
          "afterHooks": [],
          "tests": [
            {
              "title": "Click on the first item using item header",
              "fullTitle": "Inspect Automation Test Store items using chain of commands Click on the first item using item header",
              "timedOut": null,
              "duration": 10789,
              "state": "passed",
              "speed": "slow",
              "pass": true,
              "fail": false,
              "pending": false,
              "context": null,
              "code": "// cy.visit(constants.automationTestStore_Url); //replace by beforeEach Hook\ncy.get('#block_frame_featured_1769 > .thumbnails > :nth-child(1) > .fixed_wrapper > .fixed > .prdocutname').click();",
              "err": {},
              "uuid": "fddbedf8-5d08-4582-a301-d58163be0ed0",
              "parentUUID": "dc88ad7a-ae6c-46af-983f-53ce4b68fab4",
              "isHook": false,
              "skipped": false
            },
            {
              "title": "Click on the first item using item text",
              "fullTitle": "Inspect Automation Test Store items using chain of commands Click on the first item using item text",
              "timedOut": null,
              "duration": 4661,
              "state": "passed",
              "speed": "fast",
              "pass": true,
              "fail": false,
              "pending": false,
              "context": null,
              "code": "// cy.visit(constants.automationTestStore_Url); //replace by beforeEach Hook\ncy.get('.prdocutname').contains('Skinsheen Bronzer Stick').click().then(itemHeaderText => {\n  cy.log('Selected the following item: ' + itemHeaderText.text());\n});",
              "err": {},
              "uuid": "cb22d020-2354-4d27-bc2b-8444614d90dd",
              "parentUUID": "dc88ad7a-ae6c-46af-983f-53ce4b68fab4",
              "isHook": false,
              "skipped": false
            },
            {
              "title": "Click on the first item using index",
              "fullTitle": "Inspect Automation Test Store items using chain of commands Click on the first item using index",
              "timedOut": null,
              "duration": 4423,
              "state": "passed",
              "speed": "fast",
              "pass": true,
              "fail": false,
              "pending": false,
              "context": null,
              "code": "// cy.visit(constants.automationTestStore_Url); //replace by beforeEach Hook\ncy.get('.fixed_wrapper').find('.prdocutname').eq(0).click();",
              "err": {},
              "uuid": "0016e341-84cd-4633-9a13-cb91bc5eba85",
              "parentUUID": "dc88ad7a-ae6c-46af-983f-53ce4b68fab4",
              "isHook": false,
              "skipped": false
            }
          ],
          "suites": [],
          "passes": [
            "fddbedf8-5d08-4582-a301-d58163be0ed0",
            "cb22d020-2354-4d27-bc2b-8444614d90dd",
            "0016e341-84cd-4633-9a13-cb91bc5eba85"
          ],
          "failures": [],
          "pending": [],
          "skipped": [],
          "duration": 19873,
          "root": false,
          "rootEmpty": false,
          "_timeout": 2000
        }
      ],
      "passes": [],
      "failures": [],
      "pending": [],
      "skipped": [],
      "duration": 0,
      "root": true,
      "rootEmpty": true,
      "_timeout": 2000
    }
  ],
  "meta": {
    "mocha": {
      "version": "7.0.1"
    },
    "mochawesome": {
      "options": {
        "quiet": false,
        "reportFilename": "mochawesome",
        "saveHtml": false,
        "saveJson": true,
        "consoleReporter": "spec",
        "useInlineDiffs": false,
        "code": true
      },
      "version": "7.1.3"
    },
    "marge": {
      "options": {
        "id": "default",
        "reportDir": "cypress/results/mochawesome",
        "quite": true,
        "overwrite": false,
        "html": false,
        "json": true
      },
      "version": "6.2.0"
    }
  }
}