{
  "stats": {
    "suites": 1,
    "tests": 1,
    "passes": 1,
    "pending": 0,
    "failures": 0,
    "start": "2022-08-31T13:43:13.410Z",
    "end": "2022-08-31T13:43:27.808Z",
    "duration": 14398,
    "testsRegistered": 1,
    "passPercent": 100,
    "pendingPercent": 0,
    "other": 0,
    "hasOther": false,
    "skipped": 0,
    "hasSkipped": false
  },
  "results": [
    {
      "uuid": "57d389fb-451c-4fd2-beba-f805048b741f",
      "title": "",
      "fullFile": "cypress/integration/webdriver-uni/browser-navigation.js",
      "file": "cypress/integration/webdriver-uni/browser-navigation.js",
      "beforeHooks": [],
      "afterHooks": [],
      "tests": [],
      "suites": [
        {
          "uuid": "0fc3dae6-11ca-4189-9a4e-a49844bedbd5",
          "title": "Validate WebdriverUni homepage links",
          "fullFile": "",
          "file": "",
          "beforeHooks": [],
          "afterHooks": [],
          "tests": [
            {
              "title": "Confirm links redirect to the correct pages",
              "fullTitle": "Validate WebdriverUni homepage links Confirm links redirect to the correct pages",
              "timedOut": null,
              "duration": 14320,
              "state": "passed",
              "speed": "slow",
              "pass": true,
              "fail": false,
              "pending": false,
              "context": null,
              "code": "//cy.visit(\"https://webdriveruniversity.com/Contact-Us/contactus.html\")\n// cy.visit('/');\n// cy.get('#contact-us').invoke('removeAttr', 'target').click({ force: true });\nhomepage_PO.visitHomepage();\nhomepage_PO.clickOn_ContactUs_Button();\ncy.url().should('include', 'contactus');\ncy.go('back');\ncy.reload(); //cy.reload(true) // reload without loading cache\ncy.go('forward');\ncy.url().should('include', 'contactus');\ncy.wait(1000);\ncy.go('back');\ncy.get('#login-portal').invoke('removeAttr', 'target').click({\n  force: true\n});\ncy.url().should('include', 'Login-Portal');\ncy.wait(1000);\ncy.go('back');\ncy.get('#to-do-list').invoke('removeAttr', 'target').click({\n  force: true\n});\ncy.url().should('include', 'To-Do-List');\ncy.wait(1000);\ncy.go('back');\ncy.get('#to-do-list').invoke('removeAttr', 'target').click({\n  force: true\n});\ncy.url().should('include', 'To-Do-List');\ncy.wait(1000);\ncy.go('back');",
              "err": {},
              "uuid": "c6fc784c-9736-401c-a2ff-e1edbfa5ce06",
              "parentUUID": "0fc3dae6-11ca-4189-9a4e-a49844bedbd5",
              "isHook": false,
              "skipped": false
            }
          ],
          "suites": [],
          "passes": [
            "c6fc784c-9736-401c-a2ff-e1edbfa5ce06"
          ],
          "failures": [],
          "pending": [],
          "skipped": [],
          "duration": 14320,
          "root": false,
          "rootEmpty": false,
          "_timeout": 2000
        }
      ],
      "passes": [],
      "failures": [],
      "pending": [],
      "skipped": [],
      "duration": 0,
      "root": true,
      "rootEmpty": true,
      "_timeout": 2000
    }
  ],
  "meta": {
    "mocha": {
      "version": "7.0.1"
    },
    "mochawesome": {
      "options": {
        "quiet": false,
        "reportFilename": "mochawesome",
        "saveHtml": false,
        "saveJson": true,
        "consoleReporter": "spec",
        "useInlineDiffs": false,
        "code": true
      },
      "version": "7.1.3"
    },
    "marge": {
      "options": {
        "id": "default",
        "reportDir": "cypress/results/mochawesome",
        "quite": true,
        "overwrite": false,
        "html": false,
        "json": true
      },
      "version": "6.2.0"
    }
  }
}