{
  "stats": {
    "suites": 1,
    "tests": 1,
    "passes": 1,
    "pending": 0,
    "failures": 0,
    "start": "2022-08-31T13:44:17.486Z",
    "end": "2022-08-31T13:44:22.545Z",
    "duration": 5059,
    "testsRegistered": 1,
    "passPercent": 100,
    "pendingPercent": 0,
    "other": 0,
    "hasOther": false,
    "skipped": 0,
    "hasSkipped": false
  },
  "results": [
    {
      "uuid": "c30446bc-ec98-43bf-9b95-0ce85616d8c9",
      "title": "",
      "fullFile": "cypress/integration/webdriver-uni/handling-dropdown-menu.js",
      "file": "cypress/integration/webdriver-uni/handling-dropdown-menu.js",
      "beforeHooks": [],
      "afterHooks": [],
      "tests": [],
      "suites": [
        {
          "uuid": "003ac376-e613-4172-bbd6-45c69d41a28a",
          "title": "Interact with drowpdown list via webdriveruni",
          "fullFile": "",
          "file": "",
          "beforeHooks": [],
          "afterHooks": [],
          "tests": [
            {
              "title": "Select specific values via select dropdoen list",
              "fullTitle": "Interact with drowpdown list via webdriveruni Select specific values via select dropdoen list",
              "timedOut": null,
              "duration": 4968,
              "state": "passed",
              "speed": "fast",
              "pass": true,
              "fail": false,
              "pending": false,
              "context": null,
              "code": "cy.visit('/');\ncy.get('#dropdown-checkboxes-radiobuttons').invoke('removeAttr', 'target').click({\n  force: true\n});\ncy.get('#dropdowm-menu-1').select('c#');\ncy.get('#dropdowm-menu-2').select('testng').should('have.value', 'testng'); //assertion have value testng\ncy.get('#dropdowm-menu-3').select('javascript').contains('JavaScript'); //assertion have contains JavaScript\ncy.get('#dropdowm-menu-2').select('maven').should('have.value', 'maven'); //assertion have value\ncy.get('#dropdowm-menu-2').select('testng').contains('TestNG'); //assertion have contains JavaScript",
              "err": {},
              "uuid": "767631c4-5198-44a6-b99d-ca24a8561782",
              "parentUUID": "003ac376-e613-4172-bbd6-45c69d41a28a",
              "isHook": false,
              "skipped": false
            }
          ],
          "suites": [],
          "passes": [
            "767631c4-5198-44a6-b99d-ca24a8561782"
          ],
          "failures": [],
          "pending": [],
          "skipped": [],
          "duration": 4968,
          "root": false,
          "rootEmpty": false,
          "_timeout": 2000
        }
      ],
      "passes": [],
      "failures": [],
      "pending": [],
      "skipped": [],
      "duration": 0,
      "root": true,
      "rootEmpty": true,
      "_timeout": 2000
    }
  ],
  "meta": {
    "mocha": {
      "version": "7.0.1"
    },
    "mochawesome": {
      "options": {
        "quiet": false,
        "reportFilename": "mochawesome",
        "saveHtml": false,
        "saveJson": true,
        "consoleReporter": "spec",
        "useInlineDiffs": false,
        "code": true
      },
      "version": "7.1.3"
    },
    "marge": {
      "options": {
        "id": "default",
        "reportDir": "cypress/results/mochawesome",
        "quite": true,
        "overwrite": false,
        "html": false,
        "json": true
      },
      "version": "6.2.0"
    }
  }
}