{
  "stats": {
    "suites": 1,
    "tests": 2,
    "passes": 2,
    "pending": 0,
    "failures": 0,
    "start": "2022-08-30T13:53:03.363Z",
    "end": "2022-08-30T13:53:28.238Z",
    "duration": 24875,
    "testsRegistered": 2,
    "passPercent": 100,
    "pendingPercent": 0,
    "other": 0,
    "hasOther": false,
    "skipped": 0,
    "hasSkipped": false
  },
  "results": [
    {
      "uuid": "236cd516-524c-4fba-af2c-6e11000271c8",
      "title": "",
      "fullFile": "cypress/integration/automation-test-store/iterate-over-elements.js",
      "file": "cypress/integration/automation-test-store/iterate-over-elements.js",
      "beforeHooks": [],
      "afterHooks": [],
      "tests": [],
      "suites": [
        {
          "uuid": "09d3d1bf-56e4-4129-94e5-f2ed4a3c596b",
          "title": "Iterate over elements",
          "fullFile": "",
          "file": "",
          "beforeHooks": [],
          "afterHooks": [],
          "tests": [
            {
              "title": "Log information of all hair care products",
              "fullTitle": "Iterate over elements Log information of all hair care products",
              "timedOut": null,
              "duration": 11685,
              "state": "passed",
              "speed": "slow",
              "pass": true,
              "fail": false,
              "pending": false,
              "context": null,
              "code": "//cy.visit(constants.automationTestStore_Url);\n//cy.get(\"a[href*='product/category&path=']\").contains('Hair Care').click();\ncy.get('.fixed_wrapper .prdocutname').each(($el, index, $list) => {\n  cy.log('Index: ' + index + ' : ' + $el.text());\n});",
              "err": {},
              "uuid": "b4fab1e9-8c7c-42de-b6d3-7c4dbe538812",
              "parentUUID": "09d3d1bf-56e4-4129-94e5-f2ed4a3c596b",
              "isHook": false,
              "skipped": false
            },
            {
              "title": "Add specific product to basket",
              "fullTitle": "Iterate over elements Add specific product to basket",
              "timedOut": null,
              "duration": 5858,
              "state": "passed",
              "speed": "medium",
              "pass": true,
              "fail": false,
              "pending": false,
              "context": null,
              "code": "//cy.visit(constants.automationTestStore_Url);\n//cy.get(\"a[href*='product/category&path=']\").contains('Hair Care').click();\ncy.selectProduct('Eau Parfumee au The Vert Shampoo');",
              "err": {},
              "uuid": "2347f93d-5344-4b12-a211-e79c83c55fa5",
              "parentUUID": "09d3d1bf-56e4-4129-94e5-f2ed4a3c596b",
              "isHook": false,
              "skipped": false
            }
          ],
          "suites": [],
          "passes": [
            "b4fab1e9-8c7c-42de-b6d3-7c4dbe538812",
            "2347f93d-5344-4b12-a211-e79c83c55fa5"
          ],
          "failures": [],
          "pending": [],
          "skipped": [],
          "duration": 17543,
          "root": false,
          "rootEmpty": false,
          "_timeout": 2000
        }
      ],
      "passes": [],
      "failures": [],
      "pending": [],
      "skipped": [],
      "duration": 0,
      "root": true,
      "rootEmpty": true,
      "_timeout": 2000
    }
  ],
  "meta": {
    "mocha": {
      "version": "7.0.1"
    },
    "mochawesome": {
      "options": {
        "quiet": false,
        "reportFilename": "mochawesome",
        "saveHtml": false,
        "saveJson": true,
        "consoleReporter": "spec",
        "useInlineDiffs": false,
        "code": true
      },
      "version": "7.1.3"
    },
    "marge": {
      "options": {
        "id": "default",
        "reportDir": "cypress/results/mochawesome",
        "quite": true,
        "overwrite": false,
        "html": false,
        "json": true
      },
      "version": "6.2.0"
    }
  }
}