{
  "stats": {
    "suites": 1,
    "tests": 2,
    "passes": 2,
    "pending": 0,
    "failures": 0,
    "start": "2022-08-30T13:55:45.760Z",
    "end": "2022-08-30T13:55:51.086Z",
    "duration": 5326,
    "testsRegistered": 2,
    "passPercent": 100,
    "pendingPercent": 0,
    "other": 0,
    "hasOther": false,
    "skipped": 0,
    "hasSkipped": false
  },
  "results": [
    {
      "uuid": "9be63156-874e-49d7-9fe9-b5054d8e73f2",
      "title": "",
      "fullFile": "cypress/integration/webdriver-uni/handling-file-upload.js",
      "file": "cypress/integration/webdriver-uni/handling-file-upload.js",
      "beforeHooks": [],
      "afterHooks": [],
      "tests": [],
      "suites": [
        {
          "uuid": "dffa6f2c-7783-4964-bc32-162c720a6c1f",
          "title": "Tes file upload via webdriveruni",
          "fullFile": "",
          "file": "",
          "beforeHooks": [],
          "afterHooks": [],
          "tests": [
            {
              "title": "Upload a file...",
              "fullTitle": "Tes file upload via webdriveruni Upload a file...",
              "timedOut": null,
              "duration": 4018,
              "state": "passed",
              "speed": "fast",
              "pass": true,
              "fail": false,
              "pending": false,
              "context": null,
              "code": "cy.fixture('wallpaper.png', 'base64').then(fileContent => {\n  cy.get('#myFile').attachFile({\n    fileContent,\n    fileName: 'wallpaper.png',\n    mimeType: 'image/png'\n  }, {\n    uploadTye: 'input'\n  });\n});\ncy.get('#submit-button').click({\n  force: true\n});",
              "err": {},
              "uuid": "e44ec829-55f2-4e53-995a-ec3370eededa",
              "parentUUID": "dffa6f2c-7783-4964-bc32-162c720a6c1f",
              "isHook": false,
              "skipped": false
            },
            {
              "title": "Upload no file...",
              "fullTitle": "Tes file upload via webdriveruni Upload no file...",
              "timedOut": null,
              "duration": 1247,
              "state": "passed",
              "speed": "fast",
              "pass": true,
              "fail": false,
              "pending": false,
              "context": null,
              "code": "cy.get('#submit-button').click({\n  force: true\n});",
              "err": {},
              "uuid": "8d4cccd3-2673-4811-ad4d-a97560dcbee9",
              "parentUUID": "dffa6f2c-7783-4964-bc32-162c720a6c1f",
              "isHook": false,
              "skipped": false
            }
          ],
          "suites": [],
          "passes": [
            "e44ec829-55f2-4e53-995a-ec3370eededa",
            "8d4cccd3-2673-4811-ad4d-a97560dcbee9"
          ],
          "failures": [],
          "pending": [],
          "skipped": [],
          "duration": 5265,
          "root": false,
          "rootEmpty": false,
          "_timeout": 2000
        }
      ],
      "passes": [],
      "failures": [],
      "pending": [],
      "skipped": [],
      "duration": 0,
      "root": true,
      "rootEmpty": true,
      "_timeout": 2000
    }
  ],
  "meta": {
    "mocha": {
      "version": "7.0.1"
    },
    "mochawesome": {
      "options": {
        "quiet": false,
        "reportFilename": "mochawesome",
        "saveHtml": false,
        "saveJson": true,
        "consoleReporter": "spec",
        "useInlineDiffs": false,
        "code": true
      },
      "version": "7.1.3"
    },
    "marge": {
      "options": {
        "id": "default",
        "reportDir": "cypress/results/mochawesome",
        "quite": true,
        "overwrite": false,
        "html": false,
        "json": true
      },
      "version": "6.2.0"
    }
  }
}