{
  "stats": {
    "suites": 1,
    "tests": 2,
    "passes": 2,
    "pending": 0,
    "failures": 0,
    "start": "2022-08-31T13:41:42.285Z",
    "end": "2022-08-31T13:41:58.196Z",
    "duration": 15911,
    "testsRegistered": 2,
    "passPercent": 100,
    "pendingPercent": 0,
    "other": 0,
    "hasOther": false,
    "skipped": 0,
    "hasSkipped": false
  },
  "results": [
    {
      "uuid": "dbb60e4f-61b0-4480-a2e5-22f264479165",
      "title": "",
      "fullFile": "cypress/integration/automation-test-store/contact-us.js",
      "file": "cypress/integration/automation-test-store/contact-us.js",
      "beforeHooks": [],
      "afterHooks": [],
      "tests": [],
      "suites": [
        {
          "uuid": "548aa2b7-741d-4322-a5f1-defdb3cef74e",
          "title": "Test Contact Us Form via Automation Test Store",
          "fullFile": "",
          "file": "",
          "beforeHooks": [],
          "afterHooks": [],
          "tests": [
            {
              "title": "Should be able to submit a successful submission via contact us form",
              "fullTitle": "Test Contact Us Form via Automation Test Store Should be able to submit a successful submission via contact us form",
              "timedOut": null,
              "duration": 9242,
              "state": "passed",
              "speed": "medium",
              "pass": true,
              "fail": false,
              "pending": false,
              "context": null,
              "code": "//Cypress code\n//cy.visit('https://automationteststore.com/');\nautostore_Homepage_PO.accessHomepage(); //cy.get(\".info_links_footer > :nth-child(5) > a\").click(); //normal Cypress selector\ncy.get(\"a[href$='contact']\").click(); //CSS selector href that end's with\n//xpath selector\n//cy.xpath(\"//a[contains(@href, 'contact')]\").click()\ncy.get('@user').then(user => {\n  cy.xpath(\"//input[contains(@name, 'first')]\").type(user.first_name);\n  cy.xpath(\"//input[contains(@id, 'ContactUsFrm_email')]\").type(user.email);\n});\ncy.xpath(\"//input[contains(@id, 'ContactUsFrm_email')]\").should('have.attr', 'name', 'email');\ncy.xpath(\"//textarea[@id='ContactUsFrm_enquiry']\").type('Message details here'); //cy.get(\".col-md-6 > .btn\").click();\ncy.xpath(\"(//button[contains(@type, 'submit')])[i]\").click();\ncy.get('.mb40 > :nth-child(3)').should('have.text', 'Your enquiry has been successfully sent to the store owner!');\ncy.log('Text has completed!');",
              "err": {},
              "uuid": "158195b2-99e2-4826-a5e1-b5e0a847c33d",
              "parentUUID": "548aa2b7-741d-4322-a5f1-defdb3cef74e",
              "isHook": false,
              "skipped": false
            },
            {
              "title": "Should be able to show the text from the link",
              "fullTitle": "Test Contact Us Form via Automation Test Store Should be able to show the text from the link",
              "timedOut": null,
              "duration": 2902,
              "state": "passed",
              "speed": "fast",
              "pass": true,
              "fail": false,
              "pending": false,
              "context": null,
              "code": "//Cypress code\nautostore_Homepage_PO.accessHomepage();\ncy.get(\"a[href$='contact']\").click().then(linkText => {\n  cy.log('Clicked the following link: ' + linkText.text());\n});",
              "err": {},
              "uuid": "c19aedcd-fafe-4ff5-a709-3cb998baadaa",
              "parentUUID": "548aa2b7-741d-4322-a5f1-defdb3cef74e",
              "isHook": false,
              "skipped": false
            }
          ],
          "suites": [],
          "passes": [
            "158195b2-99e2-4826-a5e1-b5e0a847c33d",
            "c19aedcd-fafe-4ff5-a709-3cb998baadaa"
          ],
          "failures": [],
          "pending": [],
          "skipped": [],
          "duration": 12144,
          "root": false,
          "rootEmpty": false,
          "_timeout": 2000
        }
      ],
      "passes": [],
      "failures": [],
      "pending": [],
      "skipped": [],
      "duration": 0,
      "root": true,
      "rootEmpty": true,
      "_timeout": 2000
    }
  ],
  "meta": {
    "mocha": {
      "version": "7.0.1"
    },
    "mochawesome": {
      "options": {
        "quiet": false,
        "reportFilename": "mochawesome",
        "saveHtml": false,
        "saveJson": true,
        "consoleReporter": "spec",
        "useInlineDiffs": false,
        "code": true
      },
      "version": "7.1.3"
    },
    "marge": {
      "options": {
        "id": "default",
        "reportDir": "cypress/results/mochawesome",
        "quite": true,
        "overwrite": false,
        "html": false,
        "json": true
      },
      "version": "6.2.0"
    }
  }
}