<?xml version="1.0" encoding="UTF-8"?>
<testsuites name="Mocha Tests" time="14.3480" tests="3" failures="0">
  <testsuite name="Root Suite" timestamp="2022-08-30T12:00:52" tests="0" file="cypress/integration/automation-test-store/alias-invoke.js" time="0.0000" failures="0">
  </testsuite>
  <testsuite name="Alias and invoke" timestamp="2022-08-30T12:00:52" tests="3" time="14.2950" failures="0">
    <testcase name="Alias and invoke Validate a specific haircare product" time="6.6680" classname="Validate a specific haircare product">
    </testcase>
    <testcase name="Alias and invoke Validate product thumbnail" time="1.9310" classname="Validate product thumbnail">
    </testcase>
    <testcase name="Alias and invoke Calculate total of normal and sale products" time="1.7750" classname="Calculate total of normal and sale products">
    </testcase>
  </testsuite>
</testsuites>