<?xml version="1.0" encoding="UTF-8"?>
<testsuites name="Mocha Tests" time="5.3710" tests="3" failures="0">
  <testsuite name="Root Suite" timestamp="2022-08-30T12:05:01" tests="0" file="cypress/integration/webdriver-uni/handling-mouse-actions.js" time="0.0000" failures="0">
  </testsuite>
  <testsuite name="Test mouse actions" timestamp="2022-08-30T12:05:01" tests="3" time="5.3340" failures="0">
    <testcase name="Test mouse actions I should be able to drag and drop a draggable item" time="2.8670" classname="I should be able to drag and drop a draggable item">
    </testcase>
    <testcase name="Test mouse actions I should be able to perform a double mouse click" time="1.2830" classname="I should be able to perform a double mouse click">
    </testcase>
    <testcase name="Test mouse actions I should be able hold down the left mouse click button on a given element" time="1.0940" classname="I should be able hold down the left mouse click button on a given element">
    </testcase>
  </testsuite>
</testsuites>