<?xml version="1.0" encoding="UTF-8"?>
<testsuites name="Mocha Tests" time="19.1640" tests="1" failures="0">
  <testsuite name="Root Suite" timestamp="2022-08-30T12:00:24" tests="0" file="cypress/integration/automation-test-store/add-multiple-items-to-basket.js" time="0.0000" failures="0">
  </testsuite>
  <testsuite name="Add multiple items to basket" timestamp="2022-08-30T12:00:24" tests="1" time="19.0960" failures="0">
    <testcase name="Add multiple items to basket Add specific items to basket" time="14.6230" classname="Add specific items to basket">
    </testcase>
  </testsuite>
</testsuites>