<?xml version="1.0" encoding="UTF-8"?>
<testsuites name="Mocha Tests" time="49.7430" tests="3" failures="1">
  <testsuite name="Root Suite" timestamp="2022-08-30T12:47:18" tests="0" file="cypress/integration/automation-test-store/inspect-item.js" time="0.0000" failures="0">
  </testsuite>
  <testsuite name="Inspect Automation Test Store items using chain of commands" timestamp="2022-08-30T12:47:18" tests="3" time="49.7110" failures="1">
    <testcase name="Inspect Automation Test Store items using chain of commands Click on the first item using item header" time="8.3140" classname="Click on the first item using item header">
    </testcase>
    <testcase name="Inspect Automation Test Store items using chain of commands Click on the first item using item text" time="4.0110" classname="Click on the first item using item text">
    </testcase>
    <testcase name="Inspect Automation Test Store items using chain of commands Click on the first item using index" time="0.0000" classname="Click on the first item using index">
      <failure message="Timed out after waiting `30000ms` for your remote page to load.

Your page did not fire its `load` event within `30000ms`.

You can try increasing the `pageLoadTimeout` value in `cypress.json` to wait longer.

Browsers will not fire the `load` event until all stylesheets and scripts are done downloading.

When this `load` event occurs, Cypress will continue running commands." type="CypressError"><![CDATA[CypressError: Timed out after waiting `30000ms` for your remote page to load.

Your page did not fire its `load` event within `30000ms`.

You can try increasing the `pageLoadTimeout` value in `cypress.json` to wait longer.

Browsers will not fire the `load` event until all stylesheets and scripts are done downloading.

When this `load` event occurs, Cypress will continue running commands.
    at timedOutWaitingForPageLoad (https://automationteststore.com/__cypress/runner/cypress_runner.js:155077:72)
    at https://automationteststore.com/__cypress/runner/cypress_runner.js:155390:16
    at tryCatcher (https://automationteststore.com/__cypress/runner/cypress_runner.js:13212:23)
    at https://automationteststore.com/__cypress/runner/cypress_runner.js:8334:41
    at tryCatcher (https://automationteststore.com/__cypress/runner/cypress_runner.js:13212:23)
    at Promise._settlePromiseFromHandler (https://automationteststore.com/__cypress/runner/cypress_runner.js:11147:31)
    at Promise._settlePromise (https://automationteststore.com/__cypress/runner/cypress_runner.js:11204:18)
    at Promise._settlePromise0 (https://automationteststore.com/__cypress/runner/cypress_runner.js:11249:10)
    at Promise._settlePromises (https://automationteststore.com/__cypress/runner/cypress_runner.js:11325:18)
    at _drainQueueStep (https://automationteststore.com/__cypress/runner/cypress_runner.js:7919:12)
    at _drainQueue (https://automationteststore.com/__cypress/runner/cypress_runner.js:7912:9)
    at Async.../../node_modules/bluebird/js/release/async.js.Async._drainQueues (https://automationteststore.com/__cypress/runner/cypress_runner.js:7928:5)
    at Async.drainQueues (https://automationteststore.com/__cypress/runner/cypress_runner.js:7798:14)]]></failure>
    </testcase>
  </testsuite>
</testsuites>