<?xml version="1.0" encoding="UTF-8"?>
<testsuites name="Mocha Tests" time="7.3330" tests="3" failures="0">
  <testsuite name="Root Suite" timestamp="2022-08-30T13:08:47" tests="0" file="cypress/integration/webdriver-uni/handling-checkboxes.js" time="0.0000" failures="0">
  </testsuite>
  <testsuite name="Verify checkboxes via webdriveruni" timestamp="2022-08-30T13:08:47" tests="3" time="7.2960" failures="0">
    <testcase name="Verify checkboxes via webdriveruni Check and validate checkbox" time="4.3270" classname="Check and validate checkbox">
    </testcase>
    <testcase name="Verify checkboxes via webdriveruni Uncheck and validate checkbox" time="1.6770" classname="Uncheck and validate checkbox">
    </testcase>
    <testcase name="Verify checkboxes via webdriveruni Check multiple checkboxes" time="1.2690" classname="Check multiple checkboxes">
    </testcase>
  </testsuite>
</testsuites>