<?xml version="1.0" encoding="UTF-8"?>
<testsuites name="Mocha Tests" time="15.9980" tests="3" failures="0">
  <testsuite name="Root Suite" timestamp="2022-08-30T12:49:51" tests="0" file="cypress/integration/webdriver-uni/contact-us.js" time="0.0000" failures="0">
  </testsuite>
  <testsuite name="Test Contact Us Form via WebdriverUni" timestamp="2022-08-30T12:49:51" tests="3" time="15.9700" failures="0">
    <testcase name="Test Contact Us Form via WebdriverUni Validate active document properties" time="2.5700" classname="Validate active document properties">
    </testcase>
    <testcase name="Test Contact Us Form via WebdriverUni Should be able to submit a successful submission via contact us form" time="9.1670" classname="Should be able to submit a successful submission via contact us form">
    </testcase>
    <testcase name="Test Contact Us Form via WebdriverUni Should not be able to submit a successful submission via contact us form as all fields are required" time="4.1080" classname="Should not be able to submit a successful submission via contact us form as all fields are required">
    </testcase>
  </testsuite>
</testsuites>