<?xml version="1.0" encoding="UTF-8"?>
<testsuites name="Mocha Tests" time="4.9860" tests="1" failures="0">
  <testsuite name="Root Suite" timestamp="2022-08-30T13:08:37" tests="0" file="cypress/integration/webdriver-uni/handling-autocomplete-dropdown.js" time="0.0000" failures="0">
  </testsuite>
  <testsuite name="Verify Autocomplete dropdown list via Webdriveruni" timestamp="2022-08-30T13:08:37" tests="1" time="4.9530" failures="0">
    <testcase name="Verify Autocomplete dropdown list via Webdriveruni Select specific vproduct via autocomplete list" time="4.9270" classname="Select specific vproduct via autocomplete list">
    </testcase>
  </testsuite>
</testsuites>