<?xml version="1.0" encoding="UTF-8"?>
<testsuites name="Mocha Tests" time="26.9370" tests="2" failures="0">
  <testsuite name="Root Suite" timestamp="2022-08-30T12:48:17" tests="0" file="cypress/integration/automation-test-store/iterate-over-elements.js" time="0.0000" failures="0">
  </testsuite>
  <testsuite name="Iterate over elements" timestamp="2022-08-30T12:48:17" tests="2" time="26.9040" failures="0">
    <testcase name="Iterate over elements Log information of all hair care products" time="9.5970" classname="Log information of all hair care products">
    </testcase>
    <testcase name="Iterate over elements Add specific product to basket" time="4.7050" classname="Add specific product to basket">
    </testcase>
  </testsuite>
</testsuites>