<?xml version="1.0" encoding="UTF-8"?>
<testsuites name="Mocha Tests" time="20.0110" tests="3" failures="0">
  <testsuite name="Root Suite" timestamp="2022-08-30T12:48:51" tests="0" file="cypress/integration/automation-test-store/variables-and-cy-commands.js" time="0.0000" failures="0">
  </testsuite>
  <testsuite name="Verifying variables, cypress commands and jquery commands" timestamp="2022-08-30T12:48:51" tests="3" time="19.9830" failures="0">
    <testcase name="Verifying variables, cypress commands and jquery commands Navigating to specific product pages" time="9.8790" classname="Navigating to specific product pages">
    </testcase>
    <testcase name="Verifying variables, cypress commands and jquery commands Navigating to specific product pages" time="2.8270" classname="Navigating to specific product pages">
    </testcase>
    <testcase name="Verifying variables, cypress commands and jquery commands Validate properties of Contact Us Page" time="1.6310" classname="Validate properties of Contact Us Page">
    </testcase>
  </testsuite>
</testsuites>