<?xml version="1.0" encoding="UTF-8"?>
<testsuites name="Mocha Tests" time="5.5680" tests="2" failures="0">
  <testsuite name="Root Suite" timestamp="2022-08-30T13:09:09" tests="0" file="cypress/integration/webdriver-uni/handling-file-upload.js" time="0.0000" failures="0">
  </testsuite>
  <testsuite name="Tes file upload via webdriveruni" timestamp="2022-08-30T13:09:09" tests="2" time="5.5340" failures="0">
    <testcase name="Tes file upload via webdriveruni Upload a file..." time="4.3250" classname="Upload a file...">
    </testcase>
    <testcase name="Tes file upload via webdriveruni Upload no file..." time="1.1840" classname="Upload no file...">
    </testcase>
  </testsuite>
</testsuites>