<?xml version="1.0" encoding="UTF-8"?>
<testsuites name="Mocha Tests" time="18.0710" tests="2" failures="0">
  <testsuite name="Root Suite" timestamp="2022-08-30T13:01:02" tests="0" file="cypress/integration/automation-test-store/contact-us.js" time="0.0000" failures="0">
  </testsuite>
  <testsuite name="Test Contact Us Form via Automation Test Store" timestamp="2022-08-30T13:01:02" tests="2" time="18.0450" failures="0">
    <testcase name="Test Contact Us Form via Automation Test Store Should be able to submit a successful submission via contact us form" time="11.5490" classname="Should be able to submit a successful submission via contact us form">
    </testcase>
    <testcase name="Test Contact Us Form via Automation Test Store Should be able to show the text from the link" time="2.5130" classname="Should be able to show the text from the link">
    </testcase>
  </testsuite>
</testsuites>