<?xml version="1.0" encoding="UTF-8"?>
<testsuites name="Mocha Tests" time="20.7640" tests="2" failures="0">
  <testsuite name="Root Suite" timestamp="2022-08-30T13:06:44" tests="0" file="cypress/integration/automation-test-store/iterate-over-elements.js" time="0.0000" failures="0">
  </testsuite>
  <testsuite name="Iterate over elements" timestamp="2022-08-30T13:06:44" tests="2" time="20.7400" failures="0">
    <testcase name="Iterate over elements Log information of all hair care products" time="12.6760" classname="Log information of all hair care products">
    </testcase>
    <testcase name="Iterate over elements Add specific product to basket" time="3.9180" classname="Add specific product to basket">
    </testcase>
  </testsuite>
</testsuites>