<?xml version="1.0" encoding="UTF-8"?>
<testsuites name="Mocha Tests" time="16.9170" tests="3" failures="0">
  <testsuite name="Root Suite" timestamp="2022-08-30T12:02:35" tests="0" file="cypress/integration/automation-test-store/variables-and-cy-commands.js" time="0.0000" failures="0">
  </testsuite>
  <testsuite name="Verifying variables, cypress commands and jquery commands" timestamp="2022-08-30T12:02:35" tests="3" time="16.8530" failures="0">
    <testcase name="Verifying variables, cypress commands and jquery commands Navigating to specific product pages" time="9.8570" classname="Navigating to specific product pages">
    </testcase>
    <testcase name="Verifying variables, cypress commands and jquery commands Navigating to specific product pages" time="2.0990" classname="Navigating to specific product pages">
    </testcase>
    <testcase name="Verifying variables, cypress commands and jquery commands Validate properties of Contact Us Page" time="0.9090" classname="Validate properties of Contact Us Page">
    </testcase>
  </testsuite>
</testsuites>