<?xml version="1.0" encoding="UTF-8"?>
<testsuites name="Mocha Tests" time="19.8280" tests="2" failures="0">
  <testsuite name="Root Suite" timestamp="2022-08-30T12:02:08" tests="0" file="cypress/integration/automation-test-store/iterate-over-elements.js" time="0.0000" failures="0">
  </testsuite>
  <testsuite name="Iterate over elements" timestamp="2022-08-30T12:02:08" tests="2" time="19.7910" failures="0">
    <testcase name="Iterate over elements Log information of all hair care products" time="10.8170" classname="Log information of all hair care products">
    </testcase>
    <testcase name="Iterate over elements Add specific product to basket" time="4.8630" classname="Add specific product to basket">
    </testcase>
  </testsuite>
</testsuites>